2025-05-19 23:24:47,343 - marketml_project - INFO - Logging setup complete. Log level: INFO. Log file: /home/hoang/Documents/KhoaLuan/.ndmh/logs/portfolio_opt.log
2025-05-19 23:24:52,803 - marketml_project - INFO - Random seeds set to: 42
2025-05-19 23:24:52,803 - marketml_project - INFO - Starting portfolio optimization backtest...
2025-05-19 23:24:52,821 - marketml_project - INFO - Loading and preparing master data for portfolio optimization run...
2025-05-19 23:24:52,979 - marketml_project - INFO - Rebalance dates (12): ['2023-01-31', '2023-02-28', '2023-03-31', '2023-04-28', '2023-05-31', '2023-06-30', '2023-07-31', '2023-08-31', '2023-09-29', '2023-10-31', '2023-11-30', '2023-12-29']
2025-05-19 23:24:52,979 - marketml_project - INFO - 
--- Running Markowitz Strategy ---
2025-05-19 23:24:52,980 - marketml_project - INFO - Markowitz: Processing rebalance for 2023-01-31...
2025-05-19 23:24:52,991 - marketml_project - ERROR - Error during Markowitz optimization with PyPortfolioOpt: at least one of the assets must have an expected return exceeding the risk-free rate
2025-05-19 23:24:52,991 - marketml_project - WARNING - Defaulting to equal weights for 15 assets due to optimization error.
2025-05-19 23:24:52,993 - marketml_project - INFO - Markowitz: Processing rebalance for 2023-02-28...
2025-05-19 23:24:52,999 - marketml_project - ERROR - Error during Markowitz optimization with PyPortfolioOpt: at least one of the assets must have an expected return exceeding the risk-free rate
2025-05-19 23:24:52,999 - marketml_project - WARNING - Defaulting to equal weights for 15 assets due to optimization error.
2025-05-20 00:00:24,617 - marketml_project - INFO - Logging setup complete. Log level: INFO. Log file: /home/hoang/Documents/KhoaLuan/.ndmh/logs/portfolio_opt.log
2025-05-20 00:00:28,290 - marketml_project - INFO - Random seeds set to: 42
2025-05-20 00:00:28,290 - marketml_project - INFO - Starting portfolio optimization backtest...
2025-05-20 00:00:28,290 - marketml_project - INFO - Loading and preparing master data for portfolio optimization run...
2025-05-20 00:00:28,476 - marketml_project - INFO - Rebalance dates (12): ['2023-01-31', '2023-02-28', '2023-03-31', '2023-04-28', '2023-05-31', '2023-06-30', '2023-07-31', '2023-08-31', '2023-09-29', '2023-10-31', '2023-11-30', '2023-12-29']
2025-05-20 00:00:28,476 - marketml_project - INFO - 
--- Running Markowitz Strategy ---
2025-05-20 00:00:28,476 - marketml_project - INFO - Markowitz: Processing rebalance for 2023-01-31...
2025-05-20 00:00:28,503 - marketml_project - INFO - Markowitz: Processing rebalance for 2023-02-28...
2025-05-20 00:00:28,569 - marketml_project - INFO - Markowitz: Processing rebalance for 2023-03-31...
2025-05-20 00:00:28,587 - marketml_project - INFO - Markowitz: Processing rebalance for 2023-04-28...
2025-05-20 00:00:28,605 - marketml_project - INFO - Markowitz: Processing rebalance for 2023-05-31...
2025-05-20 00:00:28,657 - marketml_project - INFO - Markowitz: Processing rebalance for 2023-06-30...
2025-05-20 00:00:28,684 - marketml_project - INFO - Markowitz: Processing rebalance for 2023-07-31...
2025-05-20 00:00:28,716 - marketml_project - INFO - Markowitz: Processing rebalance for 2023-08-31...
2025-05-20 00:00:28,769 - marketml_project - INFO - Markowitz: Processing rebalance for 2023-09-29...
2025-05-20 00:00:28,786 - marketml_project - INFO - Markowitz: Processing rebalance for 2023-10-31...
2025-05-20 00:00:28,806 - marketml_project - INFO - Markowitz: Processing rebalance for 2023-11-30...
2025-05-20 00:00:28,862 - marketml_project - INFO - Markowitz: Processing rebalance for 2023-12-29...
2025-05-20 00:14:47,262 - marketml_project - INFO - Logging setup complete. Log level: INFO. Log file: /home/hoang/Documents/KhoaLuan/.ndmh/logs/portfolio_opt.log
2025-05-20 00:14:50,793 - marketml_project - INFO - Random seeds set to: 42
2025-05-20 00:14:50,793 - marketml_project - INFO - Starting portfolio optimization backtest...
2025-05-20 00:14:50,793 - marketml_project - INFO - Loading and preparing master data for portfolio optimization run...
2025-05-20 00:14:50,966 - marketml_project - INFO - Rebalance dates (12): ['2023-01-31', '2023-02-28', '2023-03-31', '2023-04-28', '2023-05-31', '2023-06-30', '2023-07-31', '2023-08-31', '2023-09-29', '2023-10-31', '2023-11-30', '2023-12-29']
2025-05-20 00:14:50,966 - marketml_project - INFO - 
--- Running Markowitz Strategy ---
2025-05-20 00:14:50,967 - marketml_project - INFO - Markowitz: Processing rebalance for 2023-01-31...
2025-05-20 00:14:51,023 - marketml_project - INFO - Markowitz: Processing rebalance for 2023-02-28...
2025-05-20 00:14:51,035 - marketml_project - INFO - Markowitz: Processing rebalance for 2023-03-31...
2025-05-20 00:14:51,046 - marketml_project - INFO - Markowitz: Processing rebalance for 2023-04-28...
2025-05-20 00:14:51,059 - marketml_project - INFO - Markowitz: Processing rebalance for 2023-05-31...
2025-05-20 00:14:51,078 - marketml_project - INFO - Markowitz: Processing rebalance for 2023-06-30...
2025-05-20 00:14:51,140 - marketml_project - INFO - Markowitz: Processing rebalance for 2023-07-31...
2025-05-20 00:14:51,156 - marketml_project - INFO - Markowitz: Processing rebalance for 2023-08-31...
2025-05-20 00:14:51,170 - marketml_project - INFO - Markowitz: Processing rebalance for 2023-09-29...
2025-05-20 00:14:51,234 - marketml_project - INFO - Markowitz: Processing rebalance for 2023-10-31...
2025-05-20 00:14:51,257 - marketml_project - INFO - Markowitz: Processing rebalance for 2023-11-30...
2025-05-20 00:14:51,275 - marketml_project - INFO - Markowitz: Processing rebalance for 2023-12-29...
2025-05-20 00:15:31,313 - marketml_project - INFO - Logging setup complete. Log level: INFO. Log file: /home/hoang/Documents/KhoaLuan/.ndmh/logs/portfolio_opt.log
2025-05-20 00:15:34,127 - marketml_project - INFO - Random seeds set to: 42
2025-05-20 00:15:34,127 - marketml_project - INFO - Starting portfolio optimization backtest...
2025-05-20 00:15:34,127 - marketml_project - INFO - Loading and preparing master data for portfolio optimization run...
2025-05-20 00:15:34,325 - marketml_project - INFO - Rebalance dates (12): ['2023-01-31', '2023-02-28', '2023-03-31', '2023-04-28', '2023-05-31', '2023-06-30', '2023-07-31', '2023-08-31', '2023-09-29', '2023-10-31', '2023-11-30', '2023-12-29']
2025-05-20 00:15:34,325 - marketml_project - INFO - 
--- Running Markowitz Strategy ---
2025-05-20 00:15:34,326 - marketml_project - INFO - Markowitz: Processing rebalance for 2023-01-31...
2025-05-20 00:15:34,346 - marketml_project - INFO - Markowitz: Processing rebalance for 2023-02-28...
2025-05-20 00:15:34,363 - marketml_project - INFO - Markowitz: Processing rebalance for 2023-03-31...
2025-05-20 00:15:34,407 - marketml_project - INFO - Markowitz: Processing rebalance for 2023-04-28...
2025-05-20 00:15:34,419 - marketml_project - INFO - Markowitz: Processing rebalance for 2023-05-31...
2025-05-20 00:15:34,430 - marketml_project - INFO - Markowitz: Processing rebalance for 2023-06-30...
2025-05-20 00:15:34,443 - marketml_project - INFO - Markowitz: Processing rebalance for 2023-07-31...
2025-05-20 00:15:34,457 - marketml_project - INFO - Markowitz: Processing rebalance for 2023-08-31...
2025-05-20 00:15:34,512 - marketml_project - INFO - Markowitz: Processing rebalance for 2023-09-29...
2025-05-20 00:15:34,527 - marketml_project - INFO - Markowitz: Processing rebalance for 2023-10-31...
2025-05-20 00:15:34,538 - marketml_project - INFO - Markowitz: Processing rebalance for 2023-11-30...
2025-05-20 00:15:34,552 - marketml_project - INFO - Markowitz: Processing rebalance for 2023-12-29...
2025-05-20 00:20:09,762 - marketml_project - INFO - Logging setup complete. Log level: INFO. Log file: /home/hoang/Documents/KhoaLuan/.ndmh/logs/portfolio_opt.log
2025-05-20 00:20:13,163 - marketml_project - INFO - Random seeds set to: 42
2025-05-20 00:20:13,163 - marketml_project - INFO - Starting portfolio optimization backtest...
2025-05-20 00:20:13,164 - marketml_project - INFO - Loading and preparing master data for portfolio optimization run...
2025-05-20 00:20:13,164 - marketml_project.portfolio_opt.data_preparation - INFO - Loading price data for portfolio from: /home/hoang/Documents/KhoaLuan/.ndmh/marketml/data/processed/price_data_enriched_v2.csv
2025-05-20 00:20:13,292 - marketml_project.portfolio_opt.data_preparation - INFO - Price data loaded and pivoted. Shape: (343, 15)
2025-05-20 00:20:13,296 - marketml_project.portfolio_opt.data_preparation - INFO - Loading financial data from: /home/hoang/Documents/KhoaLuan/.ndmh/financial_data.csv
2025-05-20 00:20:13,301 - marketml_project.portfolio_opt.data_preparation - INFO - Financial data loaded. Shape: (75, 16)
2025-05-20 00:20:13,301 - marketml_project.portfolio_opt.data_preparation - INFO - Loading classification probabilities from: /home/hoang/Documents/KhoaLuan/.ndmh/marketml/results/classification_probabilities.csv
2025-05-20 00:20:13,319 - marketml_project.portfolio_opt.data_preparation - INFO - Classification probabilities loaded. Shape: (3750, 5)
2025-05-20 00:20:13,322 - marketml_project - INFO - Rebalance dates (12): ['2023-01-31', '2023-02-28', '2023-03-31', '2023-04-28', '2023-05-31', '2023-06-30', '2023-07-31', '2023-08-31', '2023-09-29', '2023-10-31', '2023-11-30', '2023-12-29']
2025-05-20 00:20:13,323 - marketml_project - INFO - 
--- Running Markowitz Strategy ---
2025-05-20 00:20:13,323 - marketml_project - INFO - Markowitz: Processing rebalance for 2023-01-31...
2025-05-20 00:20:13,343 - marketml_project - INFO - Markowitz: Processing rebalance for 2023-02-28...
2025-05-20 00:20:13,358 - marketml_project - INFO - Markowitz: Processing rebalance for 2023-03-31...
2025-05-20 00:20:13,375 - marketml_project - INFO - Markowitz: Processing rebalance for 2023-04-28...
2025-05-20 00:20:13,433 - marketml_project - INFO - Markowitz: Processing rebalance for 2023-05-31...
2025-05-20 00:20:13,448 - marketml_project - INFO - Markowitz: Processing rebalance for 2023-06-30...
2025-05-20 00:20:13,460 - marketml_project - INFO - Markowitz: Processing rebalance for 2023-07-31...
2025-05-20 00:20:13,472 - marketml_project - INFO - Markowitz: Processing rebalance for 2023-08-31...
2025-05-20 00:20:13,486 - marketml_project - INFO - Markowitz: Processing rebalance for 2023-09-29...
2025-05-20 00:20:13,508 - marketml_project - INFO - Markowitz: Processing rebalance for 2023-10-31...
2025-05-20 00:20:13,546 - marketml_project - INFO - Markowitz: Processing rebalance for 2023-11-30...
2025-05-20 00:20:13,563 - marketml_project - INFO - Markowitz: Processing rebalance for 2023-12-29...
2025-05-20 00:26:12,527 - marketml_project - INFO - Logging setup complete. Log level: INFO. Log file: /home/hoang/Documents/KhoaLuan/.ndmh/logs/portfolio_opt.log
2025-05-20 00:26:15,663 - marketml_project - INFO - Random seeds set to: 42
2025-05-20 00:26:15,664 - marketml_project - INFO - Starting portfolio optimization backtest...
2025-05-20 00:26:15,664 - marketml_project - INFO - Loading and preparing master data for portfolio optimization run...
2025-05-20 00:26:15,664 - marketml_project.portfolio_opt.data_preparation - INFO - Loading price data for portfolio from: /home/hoang/Documents/KhoaLuan/.ndmh/marketml/data/processed/price_data_enriched_v2.csv
2025-05-20 00:26:15,874 - marketml_project.portfolio_opt.data_preparation - INFO - Price data loaded and pivoted. Shape: (343, 15)
2025-05-20 00:26:15,879 - marketml_project.portfolio_opt.data_preparation - INFO - Loading financial data from: /home/hoang/Documents/KhoaLuan/.ndmh/financial_data.csv
2025-05-20 00:26:15,909 - marketml_project.portfolio_opt.data_preparation - INFO - Financial data loaded. Shape: (75, 16)
2025-05-20 00:26:15,910 - marketml_project.portfolio_opt.data_preparation - INFO - Loading classification probabilities from: /home/hoang/Documents/KhoaLuan/.ndmh/marketml/results/classification_probabilities.csv
2025-05-20 00:26:15,915 - marketml_project.portfolio_opt.data_preparation - INFO - Classification probabilities loaded. Shape: (3750, 5)
2025-05-20 00:26:15,921 - marketml_project - INFO - Rebalance dates (12): ['2023-01-31', '2023-02-28', '2023-03-31', '2023-04-28', '2023-05-31', '2023-06-30', '2023-07-31', '2023-08-31', '2023-09-29', '2023-10-31', '2023-11-30', '2023-12-29']
2025-05-20 00:26:15,921 - marketml_project - INFO - 
--- Running Markowitz Strategy ---
2025-05-20 00:26:15,923 - marketml_project - INFO - Markowitz: Processing rebalance for 2023-01-31...
2025-05-20 00:26:15,950 - marketml_project - INFO - Markowitz: Processing rebalance for 2023-02-28...
2025-05-20 00:26:15,974 - marketml_project - INFO - Markowitz: Processing rebalance for 2023-03-31...
2025-05-20 00:26:16,018 - marketml_project - INFO - Markowitz: Processing rebalance for 2023-04-28...
2025-05-20 00:26:16,032 - marketml_project - INFO - Markowitz: Processing rebalance for 2023-05-31...
2025-05-20 00:26:16,045 - marketml_project - INFO - Markowitz: Processing rebalance for 2023-06-30...
2025-05-20 00:26:16,058 - marketml_project - INFO - Markowitz: Processing rebalance for 2023-07-31...
2025-05-20 00:26:16,111 - marketml_project - INFO - Markowitz: Processing rebalance for 2023-08-31...
2025-05-20 00:26:16,127 - marketml_project - INFO - Markowitz: Processing rebalance for 2023-09-29...
2025-05-20 00:26:16,138 - marketml_project - INFO - Markowitz: Processing rebalance for 2023-10-31...
2025-05-20 00:26:16,148 - marketml_project - INFO - Markowitz: Processing rebalance for 2023-11-30...
2025-05-20 00:26:16,166 - marketml_project - INFO - Markowitz: Processing rebalance for 2023-12-29...
2025-05-20 00:34:05,575 - marketml_project - INFO - Logging setup complete. Log level: INFO. Log file: /home/hoang/Documents/KhoaLuan/.ndmh/logs/portfolio_opt.log
2025-05-20 00:34:09,243 - marketml_project - INFO - Random seeds set to: 42
2025-05-20 00:34:09,244 - marketml_project - INFO - Starting portfolio optimization backtest...
2025-05-20 00:34:09,244 - marketml_project - INFO - Loading and preparing master data for portfolio optimization run...
2025-05-20 00:34:09,244 - marketml_project.portfolio_opt.data_preparation - INFO - Loading price data for portfolio from: /home/hoang/Documents/KhoaLuan/.ndmh/marketml/data/processed/price_data_enriched_v2.csv
2025-05-20 00:34:09,432 - marketml_project.portfolio_opt.data_preparation - INFO - Price data loaded and pivoted. Shape: (343, 15)
2025-05-20 00:34:09,437 - marketml_project.portfolio_opt.data_preparation - INFO - Loading financial data from: /home/hoang/Documents/KhoaLuan/.ndmh/financial_data.csv
2025-05-20 00:34:09,446 - marketml_project.portfolio_opt.data_preparation - INFO - Financial data loaded. Shape: (75, 16)
2025-05-20 00:34:09,446 - marketml_project.portfolio_opt.data_preparation - INFO - Loading classification probabilities from: /home/hoang/Documents/KhoaLuan/.ndmh/marketml/results/classification_probabilities.csv
2025-05-20 00:34:09,454 - marketml_project.portfolio_opt.data_preparation - INFO - Classification probabilities loaded. Shape: (3750, 5)
2025-05-20 00:34:09,462 - marketml_project - INFO - Rebalance dates (12): ['2023-01-31', '2023-02-28', '2023-03-31', '2023-04-28', '2023-05-31', '2023-06-30', '2023-07-31', '2023-08-31', '2023-09-29', '2023-10-31', '2023-11-30', '2023-12-29']
2025-05-20 00:34:09,462 - marketml_project - INFO - 
--- Running Markowitz Strategy ---
2025-05-20 00:34:09,462 - marketml_project - INFO - Markowitz: Processing rebalance for 2023-01-31...
2025-05-20 00:34:09,496 - marketml_project - INFO - Markowitz: Processing rebalance for 2023-02-28...
2025-05-20 00:34:09,512 - marketml_project - INFO - Markowitz: Processing rebalance for 2023-03-31...
2025-05-20 00:34:09,525 - marketml_project - INFO - Markowitz: Processing rebalance for 2023-04-28...
2025-05-20 00:34:09,539 - marketml_project - INFO - Markowitz: Processing rebalance for 2023-05-31...
2025-05-20 00:34:09,550 - marketml_project - INFO - Markowitz: Processing rebalance for 2023-06-30...
2025-05-20 00:34:09,588 - marketml_project - INFO - Markowitz: Processing rebalance for 2023-07-31...
2025-05-20 00:34:09,601 - marketml_project - INFO - Markowitz: Processing rebalance for 2023-08-31...
2025-05-20 00:34:09,612 - marketml_project - INFO - Markowitz: Processing rebalance for 2023-09-29...
2025-05-20 00:34:09,624 - marketml_project - INFO - Markowitz: Processing rebalance for 2023-10-31...
2025-05-20 00:34:09,639 - marketml_project - INFO - Markowitz: Processing rebalance for 2023-11-30...
2025-05-20 00:34:09,684 - marketml_project - INFO - Markowitz: Processing rebalance for 2023-12-29...
2025-05-20 00:35:06,607 - marketml_project - INFO - Logging setup complete. Log level: INFO. Log file: /home/hoang/Documents/KhoaLuan/.ndmh/logs/portfolio_opt.log
2025-05-20 00:35:10,751 - marketml_project - INFO - Random seeds set to: 42
2025-05-20 00:35:10,752 - marketml_project - INFO - Starting portfolio optimization backtest...
2025-05-20 00:35:10,752 - marketml_project - INFO - Loading and preparing master data for portfolio optimization run...
2025-05-20 00:35:10,752 - marketml_project.portfolio_opt.data_preparation - INFO - Loading price data for portfolio from: /home/hoang/Documents/KhoaLuan/.ndmh/marketml/data/processed/price_data_enriched_v2.csv
2025-05-20 00:35:10,941 - marketml_project.portfolio_opt.data_preparation - INFO - Price data loaded and pivoted. Shape: (343, 15)
2025-05-20 00:35:10,946 - marketml_project.portfolio_opt.data_preparation - INFO - Loading financial data from: /home/hoang/Documents/KhoaLuan/.ndmh/financial_data.csv
2025-05-20 00:35:10,953 - marketml_project.portfolio_opt.data_preparation - INFO - Financial data loaded. Shape: (75, 16)
2025-05-20 00:35:10,954 - marketml_project.portfolio_opt.data_preparation - INFO - Loading classification probabilities from: /home/hoang/Documents/KhoaLuan/.ndmh/marketml/results/classification_probabilities.csv
2025-05-20 00:35:10,960 - marketml_project.portfolio_opt.data_preparation - INFO - Classification probabilities loaded. Shape: (3750, 5)
2025-05-20 00:35:10,967 - marketml_project - INFO - Rebalance dates (12): ['2023-01-31', '2023-02-28', '2023-03-31', '2023-04-28', '2023-05-31', '2023-06-30', '2023-07-31', '2023-08-31', '2023-09-29', '2023-10-31', '2023-11-30', '2023-12-29']
2025-05-20 00:35:10,967 - marketml_project - INFO - 
--- Running Markowitz Strategy ---
2025-05-20 00:35:10,968 - marketml_project - INFO - Markowitz: Processing rebalance for 2023-01-31...
2025-05-20 00:35:11,006 - marketml_project - INFO - Markowitz: Processing rebalance for 2023-02-28...
2025-05-20 00:35:11,025 - marketml_project - INFO - Markowitz: Processing rebalance for 2023-03-31...
2025-05-20 00:35:11,041 - marketml_project - INFO - Markowitz: Processing rebalance for 2023-04-28...
2025-05-20 00:35:11,054 - marketml_project - INFO - Markowitz: Processing rebalance for 2023-05-31...
2025-05-20 00:35:11,065 - marketml_project - INFO - Markowitz: Processing rebalance for 2023-06-30...
2025-05-20 00:35:11,078 - marketml_project - INFO - Markowitz: Processing rebalance for 2023-07-31...
2025-05-20 00:35:11,122 - marketml_project - INFO - Markowitz: Processing rebalance for 2023-08-31...
2025-05-20 00:35:11,134 - marketml_project - INFO - Markowitz: Processing rebalance for 2023-09-29...
2025-05-20 00:35:11,148 - marketml_project - INFO - Markowitz: Processing rebalance for 2023-10-31...
2025-05-20 00:35:11,167 - marketml_project - INFO - Markowitz: Processing rebalance for 2023-11-30...
2025-05-20 00:35:11,222 - marketml_project - INFO - Markowitz: Processing rebalance for 2023-12-29...
2025-05-20 00:35:24,028 - marketml_project - INFO - Logging setup complete. Log level: INFO. Log file: /home/hoang/Documents/KhoaLuan/.ndmh/logs/portfolio_opt.log
2025-05-20 00:35:28,458 - marketml_project - INFO - Random seeds set to: 42
2025-05-20 00:35:28,458 - marketml_project - INFO - Starting portfolio optimization backtest...
2025-05-20 00:35:28,459 - marketml_project - INFO - Loading and preparing master data for portfolio optimization run...
2025-05-20 00:35:28,459 - marketml_project.portfolio_opt.data_preparation - INFO - Loading price data for portfolio from: /home/hoang/Documents/KhoaLuan/.ndmh/marketml/data/processed/price_data_enriched_v2.csv
2025-05-20 00:35:28,617 - marketml_project.portfolio_opt.data_preparation - INFO - Price data loaded and pivoted. Shape: (343, 15)
2025-05-20 00:35:28,621 - marketml_project.portfolio_opt.data_preparation - INFO - Loading financial data from: /home/hoang/Documents/KhoaLuan/.ndmh/financial_data.csv
2025-05-20 00:35:28,628 - marketml_project.portfolio_opt.data_preparation - INFO - Financial data loaded. Shape: (75, 16)
2025-05-20 00:35:28,628 - marketml_project.portfolio_opt.data_preparation - INFO - Loading classification probabilities from: /home/hoang/Documents/KhoaLuan/.ndmh/marketml/results/classification_probabilities.csv
2025-05-20 00:35:28,633 - marketml_project.portfolio_opt.data_preparation - INFO - Classification probabilities loaded. Shape: (3750, 5)
2025-05-20 00:35:28,640 - marketml_project - INFO - Rebalance dates (12): ['2023-01-31', '2023-02-28', '2023-03-31', '2023-04-28', '2023-05-31', '2023-06-30', '2023-07-31', '2023-08-31', '2023-09-29', '2023-10-31', '2023-11-30', '2023-12-29']
2025-05-20 00:35:28,640 - marketml_project - INFO - 
--- Running Markowitz Strategy ---
2025-05-20 00:35:28,641 - marketml_project - INFO - Markowitz: Processing rebalance for 2023-01-31...
2025-05-20 00:35:28,694 - marketml_project - INFO - Markowitz: Processing rebalance for 2023-02-28...
2025-05-20 00:35:28,715 - marketml_project - INFO - Markowitz: Processing rebalance for 2023-03-31...
2025-05-20 00:35:28,739 - marketml_project - INFO - Markowitz: Processing rebalance for 2023-04-28...
2025-05-20 00:35:28,792 - marketml_project - INFO - Markowitz: Processing rebalance for 2023-05-31...
2025-05-20 00:35:28,807 - marketml_project - INFO - Markowitz: Processing rebalance for 2023-06-30...
2025-05-20 00:35:28,821 - marketml_project - INFO - Markowitz: Processing rebalance for 2023-07-31...
2025-05-20 00:35:28,835 - marketml_project - INFO - Markowitz: Processing rebalance for 2023-08-31...
2025-05-20 00:35:28,851 - marketml_project - INFO - Markowitz: Processing rebalance for 2023-09-29...
2025-05-20 00:35:28,899 - marketml_project - INFO - Markowitz: Processing rebalance for 2023-10-31...
2025-05-20 00:35:28,917 - marketml_project - INFO - Markowitz: Processing rebalance for 2023-11-30...
2025-05-20 00:35:28,933 - marketml_project - INFO - Markowitz: Processing rebalance for 2023-12-29...
2025-05-20 00:35:40,489 - marketml_project - INFO - Logging setup complete. Log level: INFO. Log file: /home/hoang/Documents/KhoaLuan/.ndmh/logs/portfolio_opt.log
2025-05-20 00:35:44,205 - marketml_project - INFO - Random seeds set to: 42
2025-05-20 00:35:44,205 - marketml_project - INFO - Starting portfolio optimization backtest...
2025-05-20 00:35:44,205 - marketml_project - INFO - Loading and preparing master data for portfolio optimization run...
2025-05-20 00:35:44,205 - marketml_project.portfolio_opt.data_preparation - INFO - Loading price data for portfolio from: /home/hoang/Documents/KhoaLuan/.ndmh/marketml/data/processed/price_data_enriched_v2.csv
2025-05-20 00:35:44,362 - marketml_project.portfolio_opt.data_preparation - INFO - Price data loaded and pivoted. Shape: (343, 15)
2025-05-20 00:35:44,366 - marketml_project.portfolio_opt.data_preparation - INFO - Loading financial data from: /home/hoang/Documents/KhoaLuan/.ndmh/financial_data.csv
2025-05-20 00:35:44,372 - marketml_project.portfolio_opt.data_preparation - INFO - Financial data loaded. Shape: (75, 16)
2025-05-20 00:35:44,373 - marketml_project.portfolio_opt.data_preparation - INFO - Loading classification probabilities from: /home/hoang/Documents/KhoaLuan/.ndmh/marketml/results/classification_probabilities.csv
2025-05-20 00:35:44,378 - marketml_project.portfolio_opt.data_preparation - INFO - Classification probabilities loaded. Shape: (3750, 5)
2025-05-20 00:35:44,385 - marketml_project - INFO - Rebalance dates (12): ['2023-01-31', '2023-02-28', '2023-03-31', '2023-04-28', '2023-05-31', '2023-06-30', '2023-07-31', '2023-08-31', '2023-09-29', '2023-10-31', '2023-11-30', '2023-12-29']
2025-05-20 00:35:44,385 - marketml_project - INFO - 
--- Running Markowitz Strategy ---
2025-05-20 00:35:44,386 - marketml_project - INFO - Markowitz: Processing rebalance for 2023-01-31...
2025-05-20 00:35:44,452 - marketml_project - INFO - Markowitz: Processing rebalance for 2023-02-28...
2025-05-20 00:35:44,466 - marketml_project - INFO - Markowitz: Processing rebalance for 2023-03-31...
2025-05-20 00:35:44,478 - marketml_project - INFO - Markowitz: Processing rebalance for 2023-04-28...
2025-05-20 00:35:44,489 - marketml_project - INFO - Markowitz: Processing rebalance for 2023-05-31...
2025-05-20 00:35:44,502 - marketml_project - INFO - Markowitz: Processing rebalance for 2023-06-30...
2025-05-20 00:35:44,554 - marketml_project - INFO - Markowitz: Processing rebalance for 2023-07-31...
2025-05-20 00:35:44,566 - marketml_project - INFO - Markowitz: Processing rebalance for 2023-08-31...
2025-05-20 00:35:44,578 - marketml_project - INFO - Markowitz: Processing rebalance for 2023-09-29...
2025-05-20 00:35:44,590 - marketml_project - INFO - Markowitz: Processing rebalance for 2023-10-31...
2025-05-20 00:35:44,640 - marketml_project - INFO - Markowitz: Processing rebalance for 2023-11-30...
2025-05-20 00:35:44,659 - marketml_project - INFO - Markowitz: Processing rebalance for 2023-12-29...
2025-05-20 00:35:45,172 - marketml_project - INFO - Markowitz daily performance saved to /home/hoang/Documents/KhoaLuan/.ndmh/marketml/results/markowitz_performance_daily.csv
2025-05-20 00:35:45,173 - marketml_project - INFO - 
--- Portfolio Performance Summary ---
2025-05-20 00:35:45,177 - marketml_project - INFO - 
           Cumulative Return  Annualized Return  Annualized Volatility  Sharpe Ratio  Sortino Ratio  Max Drawdown
Markowitz          71.748753          46.024428              29.851692      1.905454       4.130081    -22.303769
2025-05-20 00:35:45,178 - marketml_project - INFO - Portfolio strategies summary saved to /home/hoang/Documents/KhoaLuan/.ndmh/marketml/results/portfolio_strategies_summary.csv
2025-05-20 00:35:45,178 - marketml_project - INFO - run_portfolio_optimization.py script finished.
2025-05-20 00:51:25,033 - marketml_project - INFO - Logging setup complete (by marketml.log.setup). Log level: INFO. Log file: /home/hoang/Documents/KhoaLuan/.ndmh/logs/portfolio_opt.log
2025-05-20 00:51:30,194 - marketml_project - INFO - Random seeds set to: 42
2025-05-20 00:51:30,195 - marketml_project - INFO - Starting portfolio optimization backtest...
2025-05-20 00:51:30,196 - marketml_project - INFO - Loading and preparing master data for portfolio optimization run...
2025-05-20 00:51:30,196 - marketml_project.portfolio_opt.data_preparation - INFO - Loading price data for portfolio from: /home/hoang/Documents/KhoaLuan/.ndmh/marketml/data/processed/price_data_enriched_v2.csv
2025-05-20 00:51:30,382 - marketml_project.portfolio_opt.data_preparation - INFO - Price data loaded and pivoted. Shape: (343, 15)
2025-05-20 00:51:30,386 - marketml_project.portfolio_opt.data_preparation - INFO - Loading financial data from: /home/hoang/Documents/KhoaLuan/.ndmh/financial_data.csv
2025-05-20 00:51:30,394 - marketml_project.portfolio_opt.data_preparation - INFO - Financial data loaded. Shape: (75, 16)
2025-05-20 00:51:30,394 - marketml_project.portfolio_opt.data_preparation - INFO - Loading classification probabilities from: /home/hoang/Documents/KhoaLuan/.ndmh/marketml/results/classification_probabilities.csv
2025-05-20 00:51:30,401 - marketml_project.portfolio_opt.data_preparation - INFO - Classification probabilities loaded. Shape: (3750, 5)
2025-05-20 00:51:30,409 - marketml_project - INFO - Rebalance dates (12): ['2023-01-31', '2023-02-28', '2023-03-31', '2023-04-28', '2023-05-31', '2023-06-30', '2023-07-31', '2023-08-31', '2023-09-29', '2023-10-31', '2023-11-30', '2023-12-29']
2025-05-20 00:51:30,410 - marketml_project - INFO - 
--- Running Markowitz Strategy ---
2025-05-20 00:51:30,410 - marketml_project - INFO - Markowitz: Processing rebalance for 2023-01-31...
2025-05-20 00:51:30,454 - marketml_project - INFO - Markowitz: Processing rebalance for 2023-02-28...
2025-05-20 00:51:30,486 - marketml_project - INFO - Markowitz: Processing rebalance for 2023-03-31...
2025-05-20 00:51:30,505 - marketml_project - INFO - Markowitz: Processing rebalance for 2023-04-28...
2025-05-20 00:51:30,524 - marketml_project - INFO - Markowitz: Processing rebalance for 2023-05-31...
2025-05-20 00:51:30,541 - marketml_project - INFO - Markowitz: Processing rebalance for 2023-06-30...
2025-05-20 00:51:30,592 - marketml_project - INFO - Markowitz: Processing rebalance for 2023-07-31...
2025-05-20 00:51:30,611 - marketml_project - INFO - Markowitz: Processing rebalance for 2023-08-31...
2025-05-20 00:51:30,628 - marketml_project - INFO - Markowitz: Processing rebalance for 2023-09-29...
2025-05-20 00:51:30,649 - marketml_project - INFO - Markowitz: Processing rebalance for 2023-10-31...
2025-05-20 00:51:30,704 - marketml_project - INFO - Markowitz: Processing rebalance for 2023-11-30...
2025-05-20 00:51:30,716 - marketml_project - INFO - Markowitz: Processing rebalance for 2023-12-29...
2025-05-20 00:51:31,258 - marketml_project - INFO - Markowitz daily performance saved to /home/hoang/Documents/KhoaLuan/.ndmh/marketml/results/markowitz_performance_daily.csv
2025-05-20 00:51:31,258 - marketml_project - INFO - 
--- Portfolio Performance Summary ---
2025-05-20 00:51:31,261 - marketml_project - INFO - 
           Cumulative Return  Annualized Return  Annualized Volatility  Sharpe Ratio  Sortino Ratio  Max Drawdown
Markowitz          71.748753          46.024428              29.851692      1.905454       4.130081    -22.303769
2025-05-20 00:51:31,261 - marketml_project - INFO - Portfolio strategies summary saved to /home/hoang/Documents/KhoaLuan/.ndmh/marketml/results/portfolio_strategies_summary.csv
2025-05-20 00:51:31,262 - marketml_project - INFO - run_portfolio_optimization.py script finished.
2025-05-20 01:00:01,227 - marketml_project - INFO - Random seeds set to: 42
2025-05-20 01:00:01,229 - marketml_project - INFO - Starting portfolio optimization backtest...
2025-05-20 01:00:01,230 - marketml_project - INFO - Loading and preparing master data for portfolio optimization run...
2025-05-20 01:00:01,442 - marketml_project - INFO - Rebalance dates (12): ['2023-01-31', '2023-02-28', '2023-03-31', '2023-04-28', '2023-05-31', '2023-06-30', '2023-07-31', '2023-08-31', '2023-09-29', '2023-10-31', '2023-11-30', '2023-12-29']
2025-05-20 01:00:01,442 - marketml_project - INFO - 
--- Running Markowitz Strategy ---
2025-05-20 01:00:01,443 - marketml_project - INFO - Markowitz: Processing rebalance for 2023-01-31...
2025-05-20 01:00:01,478 - marketml_project - INFO - Markowitz: Processing rebalance for 2023-02-28...
2025-05-20 01:00:01,495 - marketml_project - INFO - Markowitz: Processing rebalance for 2023-03-31...
2025-05-20 01:00:01,516 - marketml_project - INFO - Markowitz: Processing rebalance for 2023-04-28...
2025-05-20 01:00:01,536 - marketml_project - INFO - Markowitz: Processing rebalance for 2023-05-31...
2025-05-20 01:00:01,556 - marketml_project - INFO - Markowitz: Processing rebalance for 2023-06-30...
2025-05-20 01:00:01,578 - marketml_project - INFO - Markowitz: Processing rebalance for 2023-07-31...
2025-05-20 01:00:01,625 - marketml_project - INFO - Markowitz: Processing rebalance for 2023-08-31...
2025-05-20 01:00:01,642 - marketml_project - INFO - Markowitz: Processing rebalance for 2023-09-29...
2025-05-20 01:00:01,664 - marketml_project - INFO - Markowitz: Processing rebalance for 2023-10-31...
2025-05-20 01:00:01,726 - marketml_project - INFO - Markowitz: Processing rebalance for 2023-11-30...
2025-05-20 01:00:01,750 - marketml_project - INFO - Markowitz: Processing rebalance for 2023-12-29...
2025-05-20 01:00:02,370 - marketml_project - INFO - Markowitz daily performance saved to /home/hoang/Documents/KhoaLuan/.ndmh/marketml/results/markowitz_performance_daily.csv
2025-05-20 01:00:02,370 - marketml_project - INFO - 
--- Portfolio Performance Summary ---
2025-05-20 01:00:02,374 - marketml_project - INFO - 
           Cumulative Return  Annualized Return  Annualized Volatility  Sharpe Ratio  Sortino Ratio  Max Drawdown
Markowitz          71.748753          46.024428              29.851692      1.905454       4.130081    -22.303769
2025-05-20 01:00:02,374 - marketml_project - INFO - Portfolio strategies summary saved to /home/hoang/Documents/KhoaLuan/.ndmh/marketml/results/portfolio_strategies_summary.csv
2025-05-20 01:00:02,375 - marketml_project - INFO - run_portfolio_optimization.py script finished.
2025-05-21 21:48:11,635 - marketml_project - INFO - Random seeds set to: 42
2025-05-21 21:48:11,636 - marketml_project - INFO - Starting portfolio optimization backtest...
2025-05-21 21:48:11,636 - marketml_project - INFO - Loading and preparing master data for portfolio optimization run...
2025-05-21 21:48:11,853 - marketml_project - INFO - Rebalance dates (12): ['2023-01-31', '2023-02-28', '2023-03-31', '2023-04-28', '2023-05-31', '2023-06-30', '2023-07-31', '2023-08-31', '2023-09-29', '2023-10-31', '2023-11-30', '2023-12-29']
2025-05-21 21:48:11,853 - marketml_project - INFO - 
--- Running Markowitz Strategy ---
2025-05-21 21:48:11,854 - marketml_project - INFO - Markowitz: Initial investment on 2023-01-03...
2025-05-21 21:48:12,024 - marketml_project - INFO - Markowitz: Processing rebalance for 2023-01-31...
2025-05-21 21:48:12,078 - marketml_project - INFO - Markowitz: Processing rebalance for 2023-02-28...
2025-05-21 21:48:12,102 - marketml_project - INFO - Markowitz: Processing rebalance for 2023-03-31...
2025-05-21 21:48:12,179 - marketml_project - INFO - Markowitz: Processing rebalance for 2023-04-28...
2025-05-21 21:48:12,204 - marketml_project - INFO - Markowitz: Processing rebalance for 2023-05-31...
2025-05-21 21:48:12,270 - marketml_project - INFO - Markowitz: Processing rebalance for 2023-06-30...
2025-05-21 21:48:12,300 - marketml_project - INFO - Markowitz: Processing rebalance for 2023-07-31...
2025-05-21 21:48:12,350 - marketml_project - INFO - Markowitz: Processing rebalance for 2023-08-31...
2025-05-21 21:48:12,370 - marketml_project - INFO - Markowitz: Processing rebalance for 2023-09-29...
2025-05-21 21:48:12,396 - marketml_project - INFO - Markowitz: Processing rebalance for 2023-10-31...
2025-05-21 21:48:12,458 - marketml_project - INFO - Markowitz: Processing rebalance for 2023-11-30...
2025-05-21 21:48:12,483 - marketml_project - INFO - Markowitz: Processing rebalance for 2023-12-29...
2025-05-21 21:48:13,184 - marketml_project - INFO - Markowitz daily performance saved to /home/hoang/Documents/KhoaLuan/.ndmh/marketml/results/markowitz_performance_daily.csv
2025-05-21 21:48:13,184 - marketml_project - INFO - 
--- Portfolio Performance Summary ---
2025-05-21 21:48:13,188 - marketml_project - INFO - 
           Cumulative Return  Annualized Return  Annualized Volatility  Sharpe Ratio  Sortino Ratio  Max Drawdown
Markowitz         118.777424          72.982334              33.393972       2.46699       5.814217    -22.303769
2025-05-21 21:48:13,189 - marketml_project - INFO - Portfolio strategies summary saved to /home/hoang/Documents/KhoaLuan/.ndmh/marketml/results/portfolio_strategies_summary.csv
2025-05-21 21:48:13,190 - marketml_project - INFO - run_portfolio_optimization.py script finished.
2025-05-21 22:15:00,257 - marketml_project - INFO - Random seeds set to: 42
2025-05-21 22:15:00,257 - marketml_project - INFO - Starting portfolio optimization backtest...
2025-05-21 22:15:00,257 - marketml_project - INFO - Loading and preparing master data for portfolio optimization run...
2025-05-21 22:15:00,464 - marketml_project - INFO - Rebalance dates (12): ['2023-01-31', '2023-02-28', '2023-03-31', '2023-04-28', '2023-05-31', '2023-06-30', '2023-07-31', '2023-08-31', '2023-09-29', '2023-10-31', '2023-11-30', '2023-12-29']
2025-05-21 22:15:00,464 - marketml_project - INFO - 
--- Running Markowitz Strategy ---
2025-05-21 22:15:00,465 - marketml_project - INFO - Markowitz: Processing rebalance for 2023-01-31...
2025-05-21 22:15:00,659 - marketml_project - INFO - Markowitz: Processing rebalance for 2023-02-28...
2025-05-21 22:15:00,679 - marketml_project - INFO - Markowitz: Processing rebalance for 2023-03-31...
2025-05-21 22:15:00,731 - marketml_project - INFO - Markowitz: Processing rebalance for 2023-04-28...
2025-05-21 22:15:00,750 - marketml_project - INFO - Markowitz: Processing rebalance for 2023-05-31...
2025-05-21 22:15:00,771 - marketml_project - INFO - Markowitz: Processing rebalance for 2023-06-30...
2025-05-21 22:15:00,799 - marketml_project - INFO - Markowitz: Processing rebalance for 2023-07-31...
2025-05-21 22:15:00,845 - marketml_project - INFO - Markowitz: Processing rebalance for 2023-08-31...
2025-05-21 22:15:00,859 - marketml_project - INFO - Markowitz: Processing rebalance for 2023-09-29...
2025-05-21 22:15:00,879 - marketml_project - INFO - Markowitz: Processing rebalance for 2023-10-31...
2025-05-21 22:15:00,934 - marketml_project - INFO - Markowitz: Processing rebalance for 2023-11-30...
2025-05-21 22:15:00,953 - marketml_project - INFO - Markowitz: Processing rebalance for 2023-12-29...
2025-05-21 22:15:01,728 - marketml_project - INFO - Markowitz daily performance saved.
2025-05-21 22:15:01,757 - marketml_project - INFO - 
--- Running Black-Litterman Strategy ---
2025-05-21 22:15:01,758 - marketml_project - INFO - Black-Litterman: Processing rebalance for 2023-01-31...
2025-05-21 22:19:06,835 - marketml_project - INFO - Random seeds set to: 42
2025-05-21 22:19:06,836 - marketml_project - INFO - Starting portfolio optimization backtest...
2025-05-21 22:19:06,836 - marketml_project - INFO - Loading and preparing master data for portfolio optimization run...
2025-05-21 22:19:07,562 - marketml_project - INFO - Rebalance dates (12): ['2023-01-31', '2023-02-28', '2023-03-31', '2023-04-28', '2023-05-31', '2023-06-30', '2023-07-31', '2023-08-31', '2023-09-29', '2023-10-31', '2023-11-30', '2023-12-29']
2025-05-21 22:19:07,562 - marketml_project - INFO - 
--- Running Markowitz Strategy ---
2025-05-21 22:19:07,567 - marketml_project - INFO - Markowitz: Processing rebalance for 2023-01-31...
2025-05-21 22:19:08,099 - marketml_project - INFO - Markowitz: Processing rebalance for 2023-02-28...
2025-05-21 22:19:08,220 - marketml_project - INFO - Markowitz: Processing rebalance for 2023-03-31...
2025-05-21 22:19:08,376 - marketml_project - INFO - Markowitz: Processing rebalance for 2023-04-28...
2025-05-21 22:19:08,494 - marketml_project - INFO - Markowitz: Processing rebalance for 2023-05-31...
2025-05-21 22:19:08,600 - marketml_project - INFO - Markowitz: Processing rebalance for 2023-06-30...
2025-05-21 22:19:08,709 - marketml_project - INFO - Markowitz: Processing rebalance for 2023-07-31...
2025-05-21 22:19:08,827 - marketml_project - INFO - Markowitz: Processing rebalance for 2023-08-31...
2025-05-21 22:19:08,934 - marketml_project - INFO - Markowitz: Processing rebalance for 2023-09-29...
2025-05-21 22:19:09,032 - marketml_project - INFO - Markowitz: Processing rebalance for 2023-10-31...
2025-05-21 22:19:09,146 - marketml_project - INFO - Markowitz: Processing rebalance for 2023-11-30...
2025-05-21 22:19:09,252 - marketml_project - INFO - Markowitz: Processing rebalance for 2023-12-29...
2025-05-21 22:19:11,282 - marketml_project - INFO - Markowitz daily performance saved.
2025-05-21 22:19:11,284 - marketml_project - INFO - 
--- Running Black-Litterman Strategy ---
2025-05-21 22:19:11,284 - marketml_project - INFO - Black-Litterman: Processing rebalance for 2023-01-31...
2025-05-21 22:23:40,318 - marketml_project - INFO - Random seeds set to: 42
2025-05-21 22:23:40,318 - marketml_project - INFO - Starting portfolio optimization backtest...
2025-05-21 22:23:40,318 - marketml_project - INFO - Loading and preparing master data for portfolio optimization run...
2025-05-21 22:23:40,514 - marketml_project - INFO - Rebalance dates (12): ['2023-01-31', '2023-02-28', '2023-03-31', '2023-04-28', '2023-05-31', '2023-06-30', '2023-07-31', '2023-08-31', '2023-09-29', '2023-10-31', '2023-11-30', '2023-12-29']
2025-05-21 22:23:40,514 - marketml_project - INFO - 
--- Running Markowitz Strategy ---
2025-05-21 22:23:40,514 - marketml_project - INFO - Markowitz: Processing rebalance for 2023-01-31...
2025-05-21 22:23:40,648 - marketml_project - INFO - Markowitz: Processing rebalance for 2023-02-28...
2025-05-21 22:23:40,662 - marketml_project - INFO - Markowitz: Processing rebalance for 2023-03-31...
2025-05-21 22:23:40,674 - marketml_project - INFO - Markowitz: Processing rebalance for 2023-04-28...
2025-05-21 22:23:40,729 - marketml_project - INFO - Markowitz: Processing rebalance for 2023-05-31...
2025-05-21 22:23:40,742 - marketml_project - INFO - Markowitz: Processing rebalance for 2023-06-30...
2025-05-21 22:23:40,757 - marketml_project - INFO - Markowitz: Processing rebalance for 2023-07-31...
2025-05-21 22:23:40,782 - marketml_project - INFO - Markowitz: Processing rebalance for 2023-08-31...
2025-05-21 22:23:40,828 - marketml_project - INFO - Markowitz: Processing rebalance for 2023-09-29...
2025-05-21 22:23:40,847 - marketml_project - INFO - Markowitz: Processing rebalance for 2023-10-31...
2025-05-21 22:23:40,860 - marketml_project - INFO - Markowitz: Processing rebalance for 2023-11-30...
2025-05-21 22:23:40,922 - marketml_project - INFO - Markowitz: Processing rebalance for 2023-12-29...
2025-05-21 22:23:41,558 - marketml_project - INFO - Markowitz daily performance saved.
2025-05-21 22:23:41,559 - marketml_project - INFO - 
--- Running Black-Litterman Strategy ---
2025-05-21 22:23:41,559 - marketml_project - INFO - Black-Litterman: Processing rebalance for 2023-01-31...
2025-05-21 22:27:50,740 - marketml_project - INFO - Random seeds set to: 42
2025-05-21 22:27:50,740 - marketml_project - INFO - Starting portfolio optimization backtest...
2025-05-21 22:27:50,740 - marketml_project - INFO - Loading and preparing master data for portfolio optimization run...
2025-05-21 22:27:50,949 - marketml_project - INFO - Rebalance dates (12): ['2023-01-31', '2023-02-28', '2023-03-31', '2023-04-28', '2023-05-31', '2023-06-30', '2023-07-31', '2023-08-31', '2023-09-29', '2023-10-31', '2023-11-30', '2023-12-29']
2025-05-21 22:27:50,949 - marketml_project - INFO - 
--- Running Markowitz Strategy ---
2025-05-21 22:27:50,951 - marketml_project - INFO - Markowitz: Processing rebalance for 2023-01-31...
2025-05-21 22:27:51,100 - marketml_project - INFO - Markowitz: Processing rebalance for 2023-02-28...
2025-05-21 22:27:51,118 - marketml_project - INFO - Markowitz: Processing rebalance for 2023-03-31...
2025-05-21 22:27:51,130 - marketml_project - INFO - Markowitz: Processing rebalance for 2023-04-28...
2025-05-21 22:27:51,146 - marketml_project - INFO - Markowitz: Processing rebalance for 2023-05-31...
2025-05-21 22:27:51,164 - marketml_project - INFO - Markowitz: Processing rebalance for 2023-06-30...
2025-05-21 22:27:51,218 - marketml_project - INFO - Markowitz: Processing rebalance for 2023-07-31...
2025-05-21 22:27:51,230 - marketml_project - INFO - Markowitz: Processing rebalance for 2023-08-31...
2025-05-21 22:27:51,257 - marketml_project - INFO - Markowitz: Processing rebalance for 2023-09-29...
2025-05-21 22:27:51,272 - marketml_project - INFO - Markowitz: Processing rebalance for 2023-10-31...
2025-05-21 22:27:51,319 - marketml_project - INFO - Markowitz: Processing rebalance for 2023-11-30...
2025-05-21 22:27:51,332 - marketml_project - INFO - Markowitz: Processing rebalance for 2023-12-29...
2025-05-21 22:27:51,977 - marketml_project - INFO - Markowitz daily performance saved.
2025-05-21 22:27:51,978 - marketml_project - INFO - 
--- Running Black-Litterman Strategy ---
2025-05-21 22:27:51,978 - marketml_project - INFO - Black-Litterman: Processing rebalance for 2023-01-31...
2025-05-21 22:27:52,039 - marketml_project - WARNING - Failed to get BL posterior estimates for 2023-01-31. Skipping rebalance.
2025-05-21 22:27:52,039 - marketml_project - INFO - Black-Litterman: Processing rebalance for 2023-02-28...
2025-05-21 22:27:52,062 - marketml_project - WARNING - Failed to get BL posterior estimates for 2023-02-28. Skipping rebalance.
2025-05-21 22:27:52,062 - marketml_project - INFO - Black-Litterman: Processing rebalance for 2023-03-31...
2025-05-21 22:27:52,079 - marketml_project - WARNING - Failed to get BL posterior estimates for 2023-03-31. Skipping rebalance.
2025-05-21 22:27:52,079 - marketml_project - INFO - Black-Litterman: Processing rebalance for 2023-04-28...
2025-05-21 22:27:52,099 - marketml_project - WARNING - Failed to get BL posterior estimates for 2023-04-28. Skipping rebalance.
2025-05-21 22:27:52,099 - marketml_project - INFO - Black-Litterman: Processing rebalance for 2023-05-31...
2025-05-21 22:27:52,149 - marketml_project - WARNING - Failed to get BL posterior estimates for 2023-05-31. Skipping rebalance.
2025-05-21 22:27:52,149 - marketml_project - INFO - Black-Litterman: Processing rebalance for 2023-06-30...
2025-05-21 22:27:52,165 - marketml_project - WARNING - Failed to get BL posterior estimates for 2023-06-30. Skipping rebalance.
2025-05-21 22:27:52,165 - marketml_project - INFO - Black-Litterman: Processing rebalance for 2023-07-31...
2025-05-21 22:27:52,191 - marketml_project - WARNING - Failed to get BL posterior estimates for 2023-07-31. Skipping rebalance.
2025-05-21 22:27:52,191 - marketml_project - INFO - Black-Litterman: Processing rebalance for 2023-08-31...
2025-05-21 22:27:52,240 - marketml_project - WARNING - Failed to get BL posterior estimates for 2023-08-31. Skipping rebalance.
2025-05-21 22:27:52,240 - marketml_project - INFO - Black-Litterman: Processing rebalance for 2023-09-29...
2025-05-21 22:27:52,260 - marketml_project - WARNING - Failed to get BL posterior estimates for 2023-09-29. Skipping rebalance.
2025-05-21 22:27:52,260 - marketml_project - INFO - Black-Litterman: Processing rebalance for 2023-10-31...
2025-05-21 22:27:52,288 - marketml_project - WARNING - Failed to get BL posterior estimates for 2023-10-31. Skipping rebalance.
2025-05-21 22:27:52,288 - marketml_project - INFO - Black-Litterman: Processing rebalance for 2023-11-30...
2025-05-21 22:27:52,350 - marketml_project - WARNING - Failed to get BL posterior estimates for 2023-11-30. Skipping rebalance.
2025-05-21 22:27:52,350 - marketml_project - INFO - Black-Litterman: Processing rebalance for 2023-12-29...
2025-05-21 22:27:52,366 - marketml_project - WARNING - Failed to get BL posterior estimates for 2023-12-29. Skipping rebalance.
2025-05-21 22:27:52,568 - marketml_project - INFO - BlackLitterman daily performance saved.
2025-05-21 22:27:52,568 - marketml_project - INFO - 
--- Portfolio Performance Summary ---
2025-05-21 22:27:52,572 - marketml_project - INFO - 
                Cumulative Return  Annualized Return  Annualized Volatility  Sharpe Ratio  Sortino Ratio  Max Drawdown
Markowitz               71.748753          46.024428              29.851692      1.905454       4.130081    -22.303769
BlackLitterman           0.000000           0.000000               0.000000          -inf     -15.874508      0.000000
2025-05-21 22:27:52,574 - marketml_project - INFO - Portfolio strategies summary saved to /home/hoang/Documents/KhoaLuan/.ndmh/marketml/results/portfolio_strategies_summary.csv
2025-05-21 22:27:52,574 - marketml_project - INFO - run_portfolio_optimization.py script finished.
2025-05-21 23:16:55,597 - marketml_project - INFO - Random seeds set to: 42
2025-05-21 23:16:55,602 - marketml_project - INFO - Starting portfolio optimization backtest...
2025-05-21 23:16:55,604 - marketml_project - INFO - Loading and preparing master data for portfolio optimization run...
2025-05-21 23:16:56,407 - marketml_project - INFO - Rebalance dates (12): ['2023-01-31', '2023-02-28', '2023-03-31', '2023-04-28', '2023-05-31', '2023-06-30', '2023-07-31', '2023-08-31', '2023-09-29', '2023-10-31', '2023-11-30', '2023-12-29']
2025-05-21 23:16:56,407 - marketml_project - INFO - 
--- Running Markowitz Strategy ---
2025-05-21 23:16:56,410 - marketml_project - INFO - Markowitz: Processing rebalance for 2023-01-31...
2025-05-21 23:16:57,116 - marketml_project - INFO - Markowitz: Processing rebalance for 2023-02-28...
2025-05-21 23:16:57,193 - marketml_project - INFO - Markowitz: Processing rebalance for 2023-03-31...
2025-05-21 23:16:57,225 - marketml_project - INFO - Markowitz: Processing rebalance for 2023-04-28...
2025-05-21 23:16:57,312 - marketml_project - INFO - Markowitz: Processing rebalance for 2023-05-31...
2025-05-21 23:16:57,385 - marketml_project - INFO - Markowitz: Processing rebalance for 2023-06-30...
2025-05-21 23:16:57,492 - marketml_project - INFO - Markowitz: Processing rebalance for 2023-07-31...
2025-05-21 23:16:57,532 - marketml_project - INFO - Markowitz: Processing rebalance for 2023-08-31...
2025-05-21 23:16:57,624 - marketml_project - INFO - Markowitz: Processing rebalance for 2023-09-29...
2025-05-21 23:16:57,787 - marketml_project - INFO - Markowitz: Processing rebalance for 2023-10-31...
2025-05-21 23:16:57,839 - marketml_project - INFO - Markowitz: Processing rebalance for 2023-11-30...
2025-05-21 23:16:57,926 - marketml_project - INFO - Markowitz: Processing rebalance for 2023-12-29...
2025-05-21 23:16:59,632 - marketml_project - INFO - Markowitz daily performance saved.
2025-05-21 23:16:59,633 - marketml_project - INFO - 
--- Running Black-Litterman Strategy ---
2025-05-21 23:16:59,634 - marketml_project - INFO - Black-Litterman: Processing rebalance for 2023-01-31...
2025-05-21 23:38:56,155 - marketml_project - INFO - Random seeds set to: 42
2025-05-21 23:38:56,156 - marketml_project - INFO - Starting portfolio optimization backtest...
2025-05-21 23:38:56,156 - marketml_project - INFO - Loading and preparing master data for portfolio optimization run...
2025-05-21 23:38:56,457 - marketml_project - INFO - Rebalance dates (12): ['2023-01-31', '2023-02-28', '2023-03-31', '2023-04-28', '2023-05-31', '2023-06-30', '2023-07-31', '2023-08-31', '2023-09-29', '2023-10-31', '2023-11-30', '2023-12-29']
2025-05-21 23:38:56,457 - marketml_project - INFO - 
--- Running Markowitz Strategy ---
2025-05-21 23:38:56,459 - marketml_project - INFO - Markowitz: Processing rebalance for 2023-01-31...
2025-05-21 23:38:56,670 - marketml_project - INFO - Markowitz: Processing rebalance for 2023-02-28...
2025-05-21 23:38:56,699 - marketml_project - INFO - Markowitz: Processing rebalance for 2023-03-31...
2025-05-21 23:38:56,721 - marketml_project - INFO - Markowitz: Processing rebalance for 2023-04-28...
2025-05-21 23:38:56,759 - marketml_project - INFO - Markowitz: Processing rebalance for 2023-05-31...
2025-05-21 23:38:56,772 - marketml_project - INFO - Markowitz: Processing rebalance for 2023-06-30...
2025-05-21 23:38:56,784 - marketml_project - INFO - Markowitz: Processing rebalance for 2023-07-31...
2025-05-21 23:38:56,808 - marketml_project - INFO - Markowitz: Processing rebalance for 2023-08-31...
2025-05-21 23:38:56,868 - marketml_project - INFO - Markowitz: Processing rebalance for 2023-09-29...
2025-05-21 23:38:56,891 - marketml_project - INFO - Markowitz: Processing rebalance for 2023-10-31...
2025-05-21 23:38:56,927 - marketml_project - INFO - Markowitz: Processing rebalance for 2023-11-30...
2025-05-21 23:38:56,989 - marketml_project - INFO - Markowitz: Processing rebalance for 2023-12-29...
2025-05-21 23:38:57,735 - marketml_project - INFO - Markowitz daily performance saved.
2025-05-21 23:38:57,735 - marketml_project - INFO - 
--- Running Black-Litterman Strategy ---
2025-05-21 23:38:57,735 - marketml_project - INFO - Black-Litterman: Processing rebalance for 2023-01-31...
2025-05-21 23:38:57,804 - marketml_project - INFO - Black-Litterman: Processing rebalance for 2023-02-28...
2025-05-21 23:38:57,825 - marketml_project - INFO - Black-Litterman: Processing rebalance for 2023-03-31...
2025-05-21 23:38:57,891 - marketml_project - INFO - Black-Litterman: Processing rebalance for 2023-04-28...
2025-05-21 23:38:57,949 - marketml_project - INFO - Black-Litterman: Processing rebalance for 2023-05-31...
2025-05-21 23:38:58,011 - marketml_project - INFO - Black-Litterman: Processing rebalance for 2023-06-30...
2025-05-21 23:38:58,042 - marketml_project - INFO - Black-Litterman: Processing rebalance for 2023-07-31...
2025-05-21 23:38:58,111 - marketml_project - INFO - Black-Litterman: Processing rebalance for 2023-08-31...
2025-05-21 23:38:58,149 - marketml_project - INFO - Black-Litterman: Processing rebalance for 2023-09-29...
2025-05-21 23:38:58,214 - marketml_project - INFO - Black-Litterman: Processing rebalance for 2023-10-31...
2025-05-21 23:38:58,246 - marketml_project - INFO - Black-Litterman: Processing rebalance for 2023-11-30...
2025-05-21 23:38:58,315 - marketml_project - INFO - Black-Litterman: Processing rebalance for 2023-12-29...
2025-05-21 23:38:58,638 - marketml_project - INFO - BlackLitterman daily performance saved.
2025-05-21 23:38:58,638 - marketml_project - INFO - 
--- Portfolio Performance Summary ---
2025-05-21 23:38:58,641 - marketml_project - INFO - 
                Cumulative Return  Annualized Return  Annualized Volatility  Sharpe Ratio  Sortino Ratio  Max Drawdown
Markowitz               71.748753          46.024428              29.851692      1.905454       4.130081    -22.303769
BlackLitterman           0.000000           0.000000               0.000000          -inf     -15.874508      0.000000
2025-05-21 23:38:58,644 - marketml_project - INFO - Portfolio strategies summary saved to /home/hoang/Documents/KhoaLuan/.ndmh/marketml/results/portfolio_strategies_summary.csv
2025-05-21 23:38:58,644 - marketml_project - INFO - run_portfolio_optimization.py script finished.
2025-05-21 23:41:00,247 - marketml_project - INFO - Random seeds set to: 42
2025-05-21 23:41:00,247 - marketml_project - INFO - Starting portfolio optimization backtest...
2025-05-21 23:41:00,248 - marketml_project - INFO - Loading and preparing master data for portfolio optimization run...
2025-05-21 23:41:00,402 - marketml_project - INFO - Rebalance dates (12): ['2023-01-31', '2023-02-28', '2023-03-31', '2023-04-28', '2023-05-31', '2023-06-30', '2023-07-31', '2023-08-31', '2023-09-29', '2023-10-31', '2023-11-30', '2023-12-29']
2025-05-21 23:41:00,436 - marketml_project - INFO - 
--- Running Markowitz Strategy ---
2025-05-21 23:41:00,441 - marketml_project - INFO - Markowitz: Processing rebalance for 2023-01-31...
2025-05-21 23:41:00,573 - marketml_project - INFO - Markowitz: Processing rebalance for 2023-02-28...
2025-05-21 23:41:00,591 - marketml_project - INFO - Markowitz: Processing rebalance for 2023-03-31...
2025-05-21 23:41:00,651 - marketml_project - INFO - Markowitz: Processing rebalance for 2023-04-28...
2025-05-21 23:41:00,672 - marketml_project - INFO - Markowitz: Processing rebalance for 2023-05-31...
2025-05-21 23:41:00,694 - marketml_project - INFO - Markowitz: Processing rebalance for 2023-06-30...
2025-05-21 23:41:00,753 - marketml_project - INFO - Markowitz: Processing rebalance for 2023-07-31...
2025-05-21 23:41:00,775 - marketml_project - INFO - Markowitz: Processing rebalance for 2023-08-31...
2025-05-21 23:41:00,800 - marketml_project - INFO - Markowitz: Processing rebalance for 2023-09-29...
2025-05-21 23:41:00,823 - marketml_project - INFO - Markowitz: Processing rebalance for 2023-10-31...
2025-05-21 23:41:00,868 - marketml_project - INFO - Markowitz: Processing rebalance for 2023-11-30...
2025-05-21 23:41:00,887 - marketml_project - INFO - Markowitz: Processing rebalance for 2023-12-29...
2025-05-21 23:41:01,428 - marketml_project - INFO - Markowitz daily performance saved.
2025-05-21 23:41:01,428 - marketml_project - INFO - 
--- Running Black-Litterman Strategy ---
2025-05-21 23:41:01,428 - marketml_project - INFO - Black-Litterman: Processing rebalance for 2023-01-31...
2025-05-21 23:41:01,493 - marketml_project - WARNING - Failed to get BL posterior estimates for 2023-01-31. Skipping rebalance.
2025-05-21 23:41:01,494 - marketml_project - INFO - Black-Litterman: Processing rebalance for 2023-02-28...
2025-05-21 23:41:01,518 - marketml_project - WARNING - Failed to get BL posterior estimates for 2023-02-28. Skipping rebalance.
2025-05-21 23:41:01,518 - marketml_project - INFO - Black-Litterman: Processing rebalance for 2023-03-31...
2025-05-21 23:41:01,586 - marketml_project - WARNING - Failed to get BL posterior estimates for 2023-03-31. Skipping rebalance.
2025-05-21 23:41:01,586 - marketml_project - INFO - Black-Litterman: Processing rebalance for 2023-04-28...
2025-05-21 23:41:01,606 - marketml_project - WARNING - Failed to get BL posterior estimates for 2023-04-28. Skipping rebalance.
2025-05-21 23:41:01,606 - marketml_project - INFO - Black-Litterman: Processing rebalance for 2023-05-31...
2025-05-21 23:41:01,626 - marketml_project - WARNING - Failed to get BL posterior estimates for 2023-05-31. Skipping rebalance.
2025-05-21 23:41:01,626 - marketml_project - INFO - Black-Litterman: Processing rebalance for 2023-06-30...
2025-05-21 23:41:01,646 - marketml_project - WARNING - Failed to get BL posterior estimates for 2023-06-30. Skipping rebalance.
2025-05-21 23:41:01,646 - marketml_project - INFO - Black-Litterman: Processing rebalance for 2023-07-31...
2025-05-21 23:41:01,703 - marketml_project - WARNING - Failed to get BL posterior estimates for 2023-07-31. Skipping rebalance.
2025-05-21 23:41:01,703 - marketml_project - INFO - Black-Litterman: Processing rebalance for 2023-08-31...
2025-05-21 23:41:01,725 - marketml_project - WARNING - Failed to get BL posterior estimates for 2023-08-31. Skipping rebalance.
2025-05-21 23:41:01,726 - marketml_project - INFO - Black-Litterman: Processing rebalance for 2023-09-29...
2025-05-21 23:41:01,793 - marketml_project - WARNING - Failed to get BL posterior estimates for 2023-09-29. Skipping rebalance.
2025-05-21 23:41:01,794 - marketml_project - INFO - Black-Litterman: Processing rebalance for 2023-10-31...
2025-05-21 23:41:01,820 - marketml_project - WARNING - Failed to get BL posterior estimates for 2023-10-31. Skipping rebalance.
2025-05-21 23:41:01,820 - marketml_project - INFO - Black-Litterman: Processing rebalance for 2023-11-30...
2025-05-21 23:41:01,843 - marketml_project - WARNING - Failed to get BL posterior estimates for 2023-11-30. Skipping rebalance.
2025-05-21 23:41:01,844 - marketml_project - INFO - Black-Litterman: Processing rebalance for 2023-12-29...
2025-05-21 23:41:01,906 - marketml_project - WARNING - Failed to get BL posterior estimates for 2023-12-29. Skipping rebalance.
2025-05-21 23:41:02,034 - marketml_project - INFO - BlackLitterman daily performance saved.
2025-05-21 23:41:02,034 - marketml_project - INFO - 
--- Portfolio Performance Summary ---
2025-05-21 23:41:02,036 - marketml_project - INFO - 
                Cumulative Return  Annualized Return  Annualized Volatility  Sharpe Ratio  Sortino Ratio  Max Drawdown
Markowitz               71.748753          46.024428              29.851692      1.905454       4.130081    -22.303769
BlackLitterman           0.000000           0.000000               0.000000          -inf     -15.874508      0.000000
2025-05-21 23:41:02,037 - marketml_project - INFO - Portfolio strategies summary saved to /home/hoang/Documents/KhoaLuan/.ndmh/marketml/results/portfolio_strategies_summary.csv
2025-05-21 23:41:02,038 - marketml_project - INFO - run_portfolio_optimization.py script finished.
2025-05-21 23:41:38,258 - marketml_project - INFO - Random seeds set to: 42
2025-05-21 23:41:38,259 - marketml_project - INFO - Starting portfolio optimization backtest...
2025-05-21 23:41:38,259 - marketml_project - INFO - Loading and preparing master data for portfolio optimization run...
2025-05-21 23:41:38,473 - marketml_project - INFO - Rebalance dates (12): ['2023-01-31', '2023-02-28', '2023-03-31', '2023-04-28', '2023-05-31', '2023-06-30', '2023-07-31', '2023-08-31', '2023-09-29', '2023-10-31', '2023-11-30', '2023-12-29']
2025-05-21 23:41:38,473 - marketml_project - INFO - 
--- Running Markowitz Strategy ---
2025-05-21 23:41:38,474 - marketml_project - INFO - Markowitz: Processing rebalance for 2023-01-31...
2025-05-21 23:41:38,617 - marketml_project - INFO - Markowitz: Processing rebalance for 2023-02-28...
2025-05-21 23:41:38,665 - marketml_project - INFO - Markowitz: Processing rebalance for 2023-03-31...
2025-05-21 23:41:38,681 - marketml_project - INFO - Markowitz: Processing rebalance for 2023-04-28...
2025-05-21 23:41:38,697 - marketml_project - INFO - Markowitz: Processing rebalance for 2023-05-31...
2025-05-21 23:41:38,759 - marketml_project - INFO - Markowitz: Processing rebalance for 2023-06-30...
2025-05-21 23:41:38,782 - marketml_project - INFO - Markowitz: Processing rebalance for 2023-07-31...
2025-05-21 23:41:38,799 - marketml_project - INFO - Markowitz: Processing rebalance for 2023-08-31...
2025-05-21 23:41:38,818 - marketml_project - INFO - Markowitz: Processing rebalance for 2023-09-29...
2025-05-21 23:41:38,873 - marketml_project - INFO - Markowitz: Processing rebalance for 2023-10-31...
2025-05-21 23:41:38,895 - marketml_project - INFO - Markowitz: Processing rebalance for 2023-11-30...
2025-05-21 23:41:38,916 - marketml_project - INFO - Markowitz: Processing rebalance for 2023-12-29...
2025-05-21 23:41:39,659 - marketml_project - INFO - Markowitz daily performance saved.
2025-05-21 23:41:39,660 - marketml_project - INFO - 
--- Running Black-Litterman Strategy ---
2025-05-21 23:41:39,660 - marketml_project - INFO - Black-Litterman: Processing rebalance for 2023-01-31...
2025-05-21 23:41:39,752 - marketml_project - INFO - Black-Litterman: Processing rebalance for 2023-02-28...
2025-05-21 23:41:39,859 - marketml_project - INFO - Black-Litterman: Processing rebalance for 2023-03-31...
2025-05-21 23:41:39,958 - marketml_project - INFO - Black-Litterman: Processing rebalance for 2023-04-28...
2025-05-21 23:41:40,062 - marketml_project - INFO - Black-Litterman: Processing rebalance for 2023-05-31...
2025-05-21 23:41:40,147 - marketml_project - INFO - Black-Litterman: Processing rebalance for 2023-06-30...
2025-05-21 23:41:40,218 - marketml_project - INFO - Black-Litterman: Processing rebalance for 2023-07-31...
2025-05-21 23:41:40,318 - marketml_project - INFO - Black-Litterman: Processing rebalance for 2023-08-31...
2025-05-21 23:41:40,431 - marketml_project - INFO - Black-Litterman: Processing rebalance for 2023-09-29...
2025-05-21 23:41:40,535 - marketml_project - INFO - Black-Litterman: Processing rebalance for 2023-10-31...
2025-05-21 23:41:40,641 - marketml_project - INFO - Black-Litterman: Processing rebalance for 2023-11-30...
2025-05-21 23:41:40,745 - marketml_project - INFO - Black-Litterman: Processing rebalance for 2023-12-29...
2025-05-21 23:41:41,156 - marketml_project - INFO - BlackLitterman daily performance saved.
2025-05-21 23:41:41,156 - marketml_project - INFO - 
--- Portfolio Performance Summary ---
2025-05-21 23:41:41,158 - marketml_project - INFO - 
                Cumulative Return  Annualized Return  Annualized Volatility  Sharpe Ratio  Sortino Ratio  Max Drawdown
Markowitz               71.748753          46.024428              29.851692      1.905454       4.130081    -22.303769
BlackLitterman          66.141188          42.670478              28.983659      1.839781       3.540928    -21.648887
2025-05-21 23:41:41,159 - marketml_project - INFO - Portfolio strategies summary saved to /home/hoang/Documents/KhoaLuan/.ndmh/marketml/results/portfolio_strategies_summary.csv
2025-05-21 23:41:41,159 - marketml_project - INFO - run_portfolio_optimization.py script finished.
2025-05-22 00:20:55,565 - marketml_project - INFO - Random seeds set to: 42
2025-05-22 00:20:55,567 - marketml_project - INFO - Starting portfolio optimization backtest...
2025-05-22 00:20:55,567 - marketml_project - INFO - Loading and preparing master data for portfolio optimization run...
2025-05-22 00:20:55,842 - marketml_project - INFO - Rebalance dates (12): ['2023-01-31', '2023-02-28', '2023-03-31', '2023-04-28', '2023-05-31', '2023-06-30', '2023-07-31', '2023-08-31', '2023-09-29', '2023-10-31', '2023-11-30', '2023-12-29']
2025-05-22 00:20:55,842 - marketml_project - INFO - 
--- Running Markowitz Strategy ---
2025-05-22 00:36:31,949 - marketml_project - INFO - Random seeds set to: 42
2025-05-22 00:36:31,949 - marketml_project - INFO - Starting portfolio optimization backtest...
2025-05-22 00:36:31,949 - marketml_project - INFO - Loading and preparing master data for portfolio optimization run...
2025-05-22 00:36:32,145 - marketml_project - INFO - Rebalance dates (12): ['2023-01-31', '2023-02-28', '2023-03-31', '2023-04-28', '2023-05-31', '2023-06-30', '2023-07-31', '2023-08-31', '2023-09-29', '2023-10-31', '2023-11-30', '2023-12-29']
2025-05-22 00:41:38,710 - marketml_project - INFO - Random seeds set to: 42
2025-05-22 00:41:38,710 - marketml_project - INFO - Starting portfolio optimization backtest...
2025-05-22 00:41:38,710 - marketml_project - INFO - Loading and preparing master data for portfolio optimization run...
2025-05-22 00:41:38,855 - marketml_project - INFO - Actual first trading day in portfolio period: 2023-01-03
2025-05-22 00:41:38,858 - marketml_project - INFO - Rebalance dates (12): ['2023-01-31', '2023-02-28', '2023-03-31', '2023-04-28', '2023-05-31', '2023-06-30', '2023-07-31', '2023-08-31', '2023-09-29', '2023-10-31', '2023-11-30', '2023-12-29']
2025-05-22 00:41:38,858 - marketml_project - INFO - Actual first trading day in portfolio period: 2023-01-03
2025-05-22 00:41:38,858 - marketml_project - INFO - 
--- Running Markowitz Strategy ---
2025-05-22 00:41:38,858 - marketml_project - INFO - Markowitz: Initial processing for 2023-01-03...
2025-05-22 00:41:39,136 - marketml_project - INFO - Markowitz: Processing rebalance for 2023-01-31...
2025-05-22 00:41:39,152 - marketml_project - INFO - Markowitz: Processing rebalance for 2023-02-28...
2025-05-22 00:41:39,167 - marketml_project - INFO - Markowitz: Processing rebalance for 2023-03-31...
2025-05-22 00:41:39,180 - marketml_project - INFO - Markowitz: Processing rebalance for 2023-04-28...
2025-05-22 00:41:39,233 - marketml_project - INFO - Markowitz: Processing rebalance for 2023-05-31...
2025-05-22 00:41:39,245 - marketml_project - INFO - Markowitz: Processing rebalance for 2023-06-30...
2025-05-22 00:41:39,262 - marketml_project - INFO - Markowitz: Processing rebalance for 2023-07-31...
2025-05-22 00:41:39,278 - marketml_project - INFO - Markowitz: Processing rebalance for 2023-08-31...
2025-05-22 00:41:39,290 - marketml_project - INFO - Markowitz: Processing rebalance for 2023-09-29...
2025-05-22 00:41:39,338 - marketml_project - INFO - Markowitz: Processing rebalance for 2023-10-31...
2025-05-22 00:41:39,351 - marketml_project - INFO - Markowitz: Processing rebalance for 2023-11-30...
2025-05-22 00:41:39,363 - marketml_project - INFO - Markowitz: Processing rebalance for 2023-12-29...
2025-05-22 00:50:27,549 - marketml_project - INFO - Random seeds set to: 42
2025-05-22 00:50:27,550 - marketml_project - INFO - Starting portfolio optimization backtest...
2025-05-22 00:50:27,551 - marketml_project - INFO - Loading and preparing master data for portfolio optimization run...
2025-05-22 00:50:27,734 - marketml_project - INFO - Actual first trading day in portfolio period: 2023-01-03
2025-05-22 00:50:27,737 - marketml_project - INFO - Rebalance dates (12): ['2023-01-31', '2023-02-28', '2023-03-31', '2023-04-28', '2023-05-31', '2023-06-30', '2023-07-31', '2023-08-31', '2023-09-29', '2023-10-31', '2023-11-30', '2023-12-29']
2025-05-22 00:50:27,737 - marketml_project - INFO - 
--- Running Markowitz Strategy ---
2025-05-22 00:50:27,738 - marketml_project - INFO - Markowitz: Initial processing for 2023-01-03...
2025-05-22 00:50:27,917 - marketml_project - INFO - Markowitz: Processing rebalance for 2023-01-31...
2025-05-22 00:50:27,939 - marketml_project - INFO - Markowitz: Processing rebalance for 2023-02-28...
2025-05-22 00:50:27,957 - marketml_project - INFO - Markowitz: Processing rebalance for 2023-03-31...
2025-05-22 00:50:27,979 - marketml_project - INFO - Markowitz: Processing rebalance for 2023-04-28...
2025-05-22 00:50:28,032 - marketml_project - INFO - Markowitz: Processing rebalance for 2023-05-31...
2025-05-22 00:50:28,052 - marketml_project - INFO - Markowitz: Processing rebalance for 2023-06-30...
2025-05-22 00:50:28,069 - marketml_project - INFO - Markowitz: Processing rebalance for 2023-07-31...
2025-05-22 00:50:28,081 - marketml_project - INFO - Markowitz: Processing rebalance for 2023-08-31...
2025-05-22 00:50:28,094 - marketml_project - INFO - Markowitz: Processing rebalance for 2023-09-29...
2025-05-22 00:50:28,138 - marketml_project - INFO - Markowitz: Processing rebalance for 2023-10-31...
2025-05-22 00:50:28,155 - marketml_project - INFO - Markowitz: Processing rebalance for 2023-11-30...
2025-05-22 00:50:28,174 - marketml_project - INFO - Markowitz: Processing rebalance for 2023-12-29...
2025-05-22 00:52:53,216 - marketml_project - INFO - Random seeds set to: 42
2025-05-22 00:52:53,217 - marketml_project - INFO - Starting portfolio optimization backtest...
2025-05-22 00:52:53,217 - marketml_project - INFO - Loading and preparing master data for portfolio optimization run...
2025-05-22 00:52:53,385 - marketml_project - INFO - Actual first trading day in portfolio period: 2023-01-03
2025-05-22 00:52:53,389 - marketml_project - INFO - Rebalance dates (12): ['2023-01-31', '2023-02-28', '2023-03-31', '2023-04-28', '2023-05-31', '2023-06-30', '2023-07-31', '2023-08-31', '2023-09-29', '2023-10-31', '2023-11-30', '2023-12-29']
2025-05-22 00:52:53,390 - marketml_project - INFO - 
--- Running Markowitz Strategy ---
2025-05-22 00:52:53,390 - marketml_project - INFO - Markowitz: Initial processing for 2023-01-03...
2025-05-22 00:52:53,516 - marketml_project - INFO - Markowitz: Processing rebalance for 2023-01-31...
2025-05-22 00:52:53,533 - marketml_project - INFO - Markowitz: Processing rebalance for 2023-02-28...
2025-05-22 00:52:53,553 - marketml_project - INFO - Markowitz: Processing rebalance for 2023-03-31...
2025-05-22 00:52:53,568 - marketml_project - INFO - Markowitz: Processing rebalance for 2023-04-28...
2025-05-22 00:52:53,585 - marketml_project - INFO - Markowitz: Processing rebalance for 2023-05-31...
2025-05-22 00:52:53,597 - marketml_project - INFO - Markowitz: Processing rebalance for 2023-06-30...
2025-05-22 00:52:53,610 - marketml_project - INFO - Markowitz: Processing rebalance for 2023-07-31...
2025-05-22 00:52:53,625 - marketml_project - INFO - Markowitz: Processing rebalance for 2023-08-31...
2025-05-22 00:52:53,643 - marketml_project - INFO - Markowitz: Processing rebalance for 2023-09-29...
2025-05-22 00:52:53,684 - marketml_project - INFO - Markowitz: Processing rebalance for 2023-10-31...
2025-05-22 00:52:53,698 - marketml_project - INFO - Markowitz: Processing rebalance for 2023-11-30...
2025-05-22 00:52:53,713 - marketml_project - INFO - Markowitz: Processing rebalance for 2023-12-29...
2025-05-22 01:03:18,852 - marketml_project - INFO - Random seeds set to: 42
2025-05-22 01:03:18,854 - marketml_project - INFO - Starting portfolio optimization backtest...
2025-05-22 01:03:18,855 - marketml_project - INFO - Loading and preparing master data for portfolio optimization run...
2025-05-22 01:03:19,684 - marketml_project - INFO - Actual first trading day in portfolio period: 2023-01-03
2025-05-22 01:03:19,719 - marketml_project - INFO - Rebalance dates (12): ['2023-01-31', '2023-02-28', '2023-03-31', '2023-04-28', '2023-05-31', '2023-06-30', '2023-07-31', '2023-08-31', '2023-09-29', '2023-10-31', '2023-11-30', '2023-12-29']
2025-05-22 01:03:19,720 - marketml_project - INFO - 
--- Running Markowitz Strategy ---
2025-05-22 01:04:09,374 - marketml_project - INFO - Random seeds set to: 42
2025-05-22 01:04:09,374 - marketml_project - INFO - Starting portfolio optimization backtest...
2025-05-22 01:04:09,375 - marketml_project - INFO - Loading and preparing master data for portfolio optimization run...
2025-05-22 01:04:09,954 - marketml_project - INFO - Actual first trading day in portfolio period: 2023-01-03
2025-05-22 01:04:09,968 - marketml_project - INFO - Rebalance dates (12): ['2023-01-31', '2023-02-28', '2023-03-31', '2023-04-28', '2023-05-31', '2023-06-30', '2023-07-31', '2023-08-31', '2023-09-29', '2023-10-31', '2023-11-30', '2023-12-29']
2025-05-22 01:04:09,969 - marketml_project - INFO - 
--- Running Markowitz Strategy ---
2025-05-22 01:04:09,969 - marketml_project - INFO - Markowitz: Initial processing for 2023-01-03...
2025-05-22 01:04:10,375 - marketml_project - INFO - Markowitz: Processing rebalance for 2023-01-31...
2025-05-22 01:04:10,433 - marketml_project - INFO - Markowitz: Processing rebalance for 2023-02-28...
2025-05-22 01:04:10,461 - marketml_project - INFO - Markowitz: Processing rebalance for 2023-03-31...
2025-05-22 01:04:10,481 - marketml_project - INFO - Markowitz: Processing rebalance for 2023-04-28...
2025-05-22 01:04:10,504 - marketml_project - INFO - Markowitz: Processing rebalance for 2023-05-31...
2025-05-22 01:04:10,556 - marketml_project - INFO - Markowitz: Processing rebalance for 2023-06-30...
2025-05-22 01:04:10,576 - marketml_project - INFO - Markowitz: Processing rebalance for 2023-07-31...
2025-05-22 01:04:10,646 - marketml_project - INFO - Markowitz: Processing rebalance for 2023-08-31...
2025-05-22 01:04:10,668 - marketml_project - INFO - Markowitz: Processing rebalance for 2023-09-29...
2025-05-22 01:04:10,689 - marketml_project - INFO - Markowitz: Processing rebalance for 2023-10-31...
2025-05-22 01:04:10,743 - marketml_project - INFO - Markowitz: Processing rebalance for 2023-11-30...
2025-05-22 01:04:10,763 - marketml_project - INFO - Markowitz: Processing rebalance for 2023-12-29...
2025-05-22 01:04:10,783 - marketml_project - WARNING - Multiple rebalance entries found for date 2023-01-03 00:00:00. Using the first one.
2025-05-22 01:04:11,573 - marketml_project - INFO - Markowitz daily performance saved.
2025-05-22 01:04:11,573 - marketml_project - INFO - 
--- Running Black-Litterman Strategy ---
2025-05-22 01:04:11,573 - marketml_project - INFO - Black-Litterman: Initial processing for 2023-01-03...
2025-05-22 01:04:11,592 - marketml_project - ERROR - Error during initial BL processing for 2023-01-03: mean_historical_return() got an unexpected keyword argument 'compounded'
2025-05-22 01:04:11,593 - marketml_project - INFO - Black-Litterman: Processing rebalance for 2023-01-31...
2025-05-22 01:04:11,710 - marketml_project - INFO - Black-Litterman: Processing rebalance for 2023-02-28...
2025-05-22 01:04:11,835 - marketml_project - INFO - Black-Litterman: Processing rebalance for 2023-03-31...
2025-05-22 01:04:11,947 - marketml_project - INFO - Black-Litterman: Processing rebalance for 2023-04-28...
2025-05-22 01:04:12,099 - marketml_project - INFO - Black-Litterman: Processing rebalance for 2023-05-31...
2025-05-22 01:04:12,211 - marketml_project - INFO - Black-Litterman: Processing rebalance for 2023-06-30...
2025-05-22 01:04:12,317 - marketml_project - INFO - Black-Litterman: Processing rebalance for 2023-07-31...
2025-05-22 01:04:12,426 - marketml_project - INFO - Black-Litterman: Processing rebalance for 2023-08-31...
2025-05-22 01:04:12,533 - marketml_project - INFO - Black-Litterman: Processing rebalance for 2023-09-29...
2025-05-22 01:04:12,626 - marketml_project - INFO - Black-Litterman: Processing rebalance for 2023-10-31...
2025-05-22 01:04:12,747 - marketml_project - INFO - Black-Litterman: Processing rebalance for 2023-11-30...
2025-05-22 01:04:12,848 - marketml_project - INFO - Black-Litterman: Processing rebalance for 2023-12-29...
2025-05-22 01:04:13,448 - marketml_project - INFO - BlackLitterman daily performance saved.
2025-05-22 01:04:13,448 - marketml_project - INFO - 
--- Portfolio Performance Summary ---
2025-05-22 01:04:13,450 - marketml_project - INFO - 
                Cumulative Return  Annualized Return  Annualized Volatility  Sharpe Ratio  Sortino Ratio  Max Drawdown
Markowitz              118.668035          72.921786              33.370710      2.466990       5.810167    -22.303769
BlackLitterman          66.141188          42.670478              28.983659      1.839781       3.540928    -21.648887
2025-05-22 01:04:13,452 - marketml_project - INFO - Portfolio strategies summary saved to /home/hoang/Documents/KhoaLuan/.ndmh/marketml/results/portfolio_strategies_summary.csv
2025-05-22 01:04:13,452 - marketml_project - INFO - run_portfolio_optimization.py script finished.
2025-05-22 01:06:35,056 - marketml_project - INFO - Random seeds set to: 42
2025-05-22 01:06:35,091 - marketml_project - INFO - Starting portfolio optimization backtest...
2025-05-22 01:06:35,092 - marketml_project - INFO - Loading and preparing master data for portfolio optimization run...
2025-05-22 01:06:35,324 - marketml_project - INFO - Actual first trading day in portfolio period: 2023-01-03
2025-05-22 01:06:35,328 - marketml_project - INFO - Rebalance dates (12): ['2023-01-31', '2023-02-28', '2023-03-31', '2023-04-28', '2023-05-31', '2023-06-30', '2023-07-31', '2023-08-31', '2023-09-29', '2023-10-31', '2023-11-30', '2023-12-29']
2025-05-22 01:06:35,329 - marketml_project - INFO - 
--- Running Markowitz Strategy ---
2025-05-22 01:06:35,329 - marketml_project - INFO - Markowitz: Initial processing for 2023-01-03...
2025-05-22 01:06:35,476 - marketml_project - INFO - Markowitz: Processing rebalance for 2023-01-31...
2025-05-22 01:06:35,526 - marketml_project - INFO - Markowitz: Processing rebalance for 2023-02-28...
2025-05-22 01:06:35,544 - marketml_project - INFO - Markowitz: Processing rebalance for 2023-03-31...
2025-05-22 01:06:35,569 - marketml_project - INFO - Markowitz: Processing rebalance for 2023-04-28...
2025-05-22 01:06:35,633 - marketml_project - INFO - Markowitz: Processing rebalance for 2023-05-31...
2025-05-22 01:06:35,656 - marketml_project - INFO - Markowitz: Processing rebalance for 2023-06-30...
2025-05-22 01:06:35,680 - marketml_project - INFO - Markowitz: Processing rebalance for 2023-07-31...
2025-05-22 01:06:35,737 - marketml_project - INFO - Markowitz: Processing rebalance for 2023-08-31...
2025-05-22 01:06:35,755 - marketml_project - INFO - Markowitz: Processing rebalance for 2023-09-29...
2025-05-22 01:06:35,775 - marketml_project - INFO - Markowitz: Processing rebalance for 2023-10-31...
2025-05-22 01:06:35,830 - marketml_project - INFO - Markowitz: Processing rebalance for 2023-11-30...
2025-05-22 01:06:35,849 - marketml_project - INFO - Markowitz: Processing rebalance for 2023-12-29...
2025-05-22 01:06:35,922 - marketml_project - WARNING - Multiple rebalance entries found for date 2023-01-03 00:00:00. Using the first one.
2025-05-22 01:06:36,655 - marketml_project - INFO - Markowitz daily performance saved.
2025-05-22 01:06:36,655 - marketml_project - INFO - 
--- Running Black-Litterman Strategy ---
2025-05-22 01:06:36,656 - marketml_project - INFO - Black-Litterman: Initial processing for 2023-01-03...
2025-05-22 01:06:36,705 - marketml_project - INFO - Black-Litterman: Processing rebalance for 2023-01-31...
2025-05-22 01:06:36,874 - marketml_project - INFO - Black-Litterman: Processing rebalance for 2023-02-28...
2025-05-22 01:06:37,313 - marketml_project - INFO - Black-Litterman: Processing rebalance for 2023-03-31...
2025-05-22 01:06:37,403 - marketml_project - INFO - Black-Litterman: Processing rebalance for 2023-04-28...
2025-05-22 01:06:37,564 - marketml_project - INFO - Black-Litterman: Processing rebalance for 2023-05-31...
2025-05-22 01:06:37,678 - marketml_project - INFO - Black-Litterman: Processing rebalance for 2023-06-30...
2025-05-22 01:06:37,827 - marketml_project - INFO - Black-Litterman: Processing rebalance for 2023-07-31...
2025-05-22 01:06:37,995 - marketml_project - INFO - Black-Litterman: Processing rebalance for 2023-08-31...
2025-05-22 01:06:38,171 - marketml_project - INFO - Black-Litterman: Processing rebalance for 2023-09-29...
2025-05-22 01:06:38,377 - marketml_project - INFO - Black-Litterman: Processing rebalance for 2023-10-31...
2025-05-22 01:06:38,469 - marketml_project - INFO - Black-Litterman: Processing rebalance for 2023-11-30...
2025-05-22 01:06:38,593 - marketml_project - INFO - Black-Litterman: Processing rebalance for 2023-12-29...
2025-05-22 01:06:39,023 - marketml_project - INFO - BlackLitterman daily performance saved.
2025-05-22 01:06:39,024 - marketml_project - INFO - 
--- Portfolio Performance Summary ---
2025-05-22 01:06:39,028 - marketml_project - INFO - 
                Cumulative Return  Annualized Return  Annualized Volatility  Sharpe Ratio  Sortino Ratio  Max Drawdown
Markowitz              118.668035          72.921786              33.370710      2.466990       5.810167    -22.303769
BlackLitterman          93.439456          58.701687              30.587679      2.260825       4.498632    -21.648887
2025-05-22 01:06:39,031 - marketml_project - INFO - Portfolio strategies summary saved to /home/hoang/Documents/KhoaLuan/.ndmh/marketml/results/portfolio_strategies_summary.csv
2025-05-22 01:06:39,032 - marketml_project - INFO - run_portfolio_optimization.py script finished.
2025-05-22 01:10:30,064 - marketml_project - INFO - Random seeds set to: 42
2025-05-22 01:10:30,065 - marketml_project - INFO - Starting portfolio optimization backtest...
2025-05-22 01:10:30,065 - marketml_project - INFO - Loading and preparing master data for portfolio optimization run...
2025-05-22 01:10:30,404 - marketml_project - INFO - Actual first trading day in portfolio period: 2023-01-03
2025-05-22 01:10:30,407 - marketml_project - INFO - Rebalance dates (12): ['2023-01-31', '2023-02-28', '2023-03-31', '2023-04-28', '2023-05-31', '2023-06-30', '2023-07-31', '2023-08-31', '2023-09-29', '2023-10-31', '2023-11-30', '2023-12-29']
2025-05-22 01:10:30,407 - marketml_project - INFO - 
--- Running Markowitz Strategy ---
2025-05-22 01:10:30,407 - marketml_project - INFO - Markowitz: Initial processing for 2023-01-03...
2025-05-22 01:10:30,606 - marketml_project - INFO - Markowitz: Processing rebalance for 2023-01-31...
2025-05-22 01:10:30,638 - marketml_project - INFO - Markowitz: Processing rebalance for 2023-02-28...
2025-05-22 01:10:30,656 - marketml_project - INFO - Markowitz: Processing rebalance for 2023-03-31...
2025-05-22 01:10:30,712 - marketml_project - INFO - Markowitz: Processing rebalance for 2023-04-28...
2025-05-22 01:10:30,735 - marketml_project - INFO - Markowitz: Processing rebalance for 2023-05-31...
2025-05-22 01:10:30,804 - marketml_project - INFO - Markowitz: Processing rebalance for 2023-06-30...
2025-05-22 01:10:30,830 - marketml_project - INFO - Markowitz: Processing rebalance for 2023-07-31...
2025-05-22 01:10:30,859 - marketml_project - INFO - Markowitz: Processing rebalance for 2023-08-31...
2025-05-22 01:10:30,919 - marketml_project - INFO - Markowitz: Processing rebalance for 2023-09-29...
2025-05-22 01:10:30,944 - marketml_project - INFO - Markowitz: Processing rebalance for 2023-10-31...
2025-05-22 01:10:30,964 - marketml_project - INFO - Markowitz: Processing rebalance for 2023-11-30...
2025-05-22 01:10:31,010 - marketml_project - INFO - Markowitz: Processing rebalance for 2023-12-29...
2025-05-22 01:10:31,035 - marketml_project - WARNING - Multiple rebalance entries found for date 2023-01-03 00:00:00. Using the first one.
2025-05-22 01:10:31,659 - marketml_project - INFO - Markowitz daily performance saved.
2025-05-22 01:10:31,659 - marketml_project - INFO - 
--- Running Black-Litterman Strategy ---
2025-05-22 01:10:31,659 - marketml_project - INFO - Black-Litterman: Initial processing for 2023-01-03...
2025-05-22 01:10:31,753 - marketml_project - INFO - Black-Litterman: Processing rebalance for 2023-01-31...
2025-05-22 01:10:31,860 - marketml_project - INFO - Black-Litterman: Processing rebalance for 2023-02-28...
2025-05-22 01:10:31,962 - marketml_project - INFO - Black-Litterman: Processing rebalance for 2023-03-31...
2025-05-22 01:10:32,064 - marketml_project - INFO - Black-Litterman: Processing rebalance for 2023-04-28...
2025-05-22 01:10:32,168 - marketml_project - INFO - Black-Litterman: Processing rebalance for 2023-05-31...
2025-05-22 01:10:32,271 - marketml_project - INFO - Black-Litterman: Processing rebalance for 2023-06-30...
2025-05-22 01:10:32,359 - marketml_project - INFO - Black-Litterman: Processing rebalance for 2023-07-31...
2025-05-22 01:10:32,460 - marketml_project - INFO - Black-Litterman: Processing rebalance for 2023-08-31...
2025-05-22 01:10:32,509 - marketml_project - INFO - Black-Litterman: Processing rebalance for 2023-09-29...
2025-05-22 01:10:32,610 - marketml_project - INFO - Black-Litterman: Processing rebalance for 2023-10-31...
2025-05-22 01:10:32,708 - marketml_project - INFO - Black-Litterman: Processing rebalance for 2023-11-30...
2025-05-22 01:10:32,819 - marketml_project - INFO - Black-Litterman: Processing rebalance for 2023-12-29...
2025-05-22 01:10:33,419 - marketml_project - INFO - BlackLitterman daily performance saved.
2025-05-22 01:10:33,419 - marketml_project - INFO - 
--- Portfolio Performance Summary ---
2025-05-22 01:10:33,423 - marketml_project - INFO - 
                Cumulative Return  Annualized Return  Annualized Volatility  Sharpe Ratio  Sortino Ratio  Max Drawdown
Markowitz              118.668035          72.921786              33.370710      2.466990       5.810167    -22.303769
BlackLitterman          93.439456          58.701687              30.587679      2.260825       4.498632    -21.648887
2025-05-22 01:10:33,425 - marketml_project - INFO - Portfolio strategies summary saved to /home/hoang/Documents/KhoaLuan/.ndmh/marketml/results/portfolio_strategies_summary.csv
2025-05-22 01:10:33,426 - marketml_project - INFO - run_portfolio_optimization.py script finished.
